f:\neeeeeeeeeeeeeeeeeeeeeeeeeew\carren\carren\debug\vc140.pdb
f:\neeeeeeeeeeeeeeeeeeeeeeeeeew\carren\carren\debug\user.obj
f:\neeeeeeeeeeeeeeeeeeeeeeeeeew\carren\carren\debug\showbook.obj
f:\neeeeeeeeeeeeeeeeeeeeeeeeeew\carren\carren\debug\readfeedback.obj
f:\neeeeeeeeeeeeeeeeeeeeeeeeeew\carren\carren\debug\myform.obj
f:\neeeeeeeeeeeeeeeeeeeeeeeeeew\carren\carren\debug\feeedbackf.obj
f:\neeeeeeeeeeeeeeeeeeeeeeeeeew\carren\carren\debug\estimationf.obj
f:\neeeeeeeeeeeeeeeeeeeeeeeeeew\carren\carren\debug\container.obj
f:\neeeeeeeeeeeeeeeeeeeeeeeeeew\carren\carren\debug\class_customer.obj
f:\neeeeeeeeeeeeeeeeeeeeeeeeeew\carren\carren\debug\class_car.obj
f:\neeeeeeeeeeeeeeeeeeeeeeeeeew\carren\carren\debug\class_booking.obj
f:\neeeeeeeeeeeeeeeeeeeeeeeeeew\carren\carren\debug\class_admin.obj
f:\neeeeeeeeeeeeeeeeeeeeeeeeeew\carren\carren\debug\carf.obj
f:\neeeeeeeeeeeeeeeeeeeeeeeeeew\carren\carren\debug\adminf.obj
f:\neeeeeeeeeeeeeeeeeeeeeeeeeew\carren\carren\debug\admin.obj
f:\neeeeeeeeeeeeeeeeeeeeeeeeeew\carren\carren\debug\addbook.obj
f:\neeeeeeeeeeeeeeeeeeeeeeeeeew\carren\carren\debug\carren.tlog\cl.command.1.tlog
f:\neeeeeeeeeeeeeeeeeeeeeeeeeew\carren\carren\debug\carren.tlog\cl.read.1.tlog
f:\neeeeeeeeeeeeeeeeeeeeeeeeeew\carren\carren\debug\carren.tlog\cl.write.1.tlog
f:\neeeeeeeeeeeeeeeeeeeeeeeeeew\carren\carren\debug\carren.tlog\metagen.write.1.tlog
