  AddBook.cpp
  Admin.cpp
  Admin1.cpp
  AdminF.cpp
  CarF.cpp
  Class_Admin.cpp
  Class_Booking.cpp
  Class_Car.cpp
  Class_Customer.cpp
  container.cpp
  CustomerF.cpp
  EstimationF.cpp
  FeeedbackF.cpp
  MyForm.cpp
  ReadFeedBack.cpp
  ShowBook.cpp
  User.cpp
  Generating Code...
  .NETFramework,Version=v4.5.2.AssemblyAttributes.cpp
  AddBook.obj : /DEBUG:FASTLINK is not supported when managed code is present; restarting link with /DEBUG:FULL
  CarRen.vcxproj -> E:\FCIS\Projects\CarRen OOP\Debug\CarRen.exe
  CarRen.vcxproj -> E:\FCIS\Projects\CarRen OOP\Debug\CarRen.pdb (Partial PDB)
